Build started 23/03/2016 19:21:09.
     1>Project "D:\gitstuff\PlanetDefender\PlanetDefender\PlanetDefender.vcxproj" on node 2 (Build target(s)).
     1>ClCompile:
         D:\Program Files (x86)\Microsoft Visual Studio 12.0\VC\bin\CL.exe /c /ID:\gitstuff\PlanetDefender\packages\directxtk_desktop_2013.2015.11.30.1\build\native\../../build/native/include/ /ID:\gitstuff\PlanetDefender\packages\fx11_desktop_2013.2015.11.30.1\build\native\../../build/native/include/ /ZI /nologo /W3 /WX- /Od /Oy- /D HAS_DIRECTXTK /D HAS_FX11 /D WIN32 /D _DEBUG /D _WINDOWS /D _UNICODE /D UNICODE /Gm /EHsc /RTC1 /MDd /GS /arch:SSE2 /fp:fast /Zc:wchar_t /Zc:forScope /GR /Yu"pch.h" /Fp"Debug\PlanetDefender.pch" /Fo"Debug\\" /Fd"Debug\vc120.pdb" /Gd /TP /analyze- /errorReport:prompt Game.cpp
         Game.cpp
       Link:
         D:\Program Files (x86)\Microsoft Visual Studio 12.0\VC\bin\link.exe /ERRORREPORT:PROMPT /OUT:"D:\gitstuff\PlanetDefender\Debug\PlanetDefender.exe" /INCREMENTAL /NOLOGO D:\gitstuff\PlanetDefender\packages\directxtk_desktop_2013.2015.11.30.1\build\native\../../build/native/lib/Win32/Debug/DirectXTKAudioDX.lib D:\gitstuff\PlanetDefender\packages\directxtk_desktop_2013.2015.11.30.1\build\native\../../build/native/lib/Win32/Debug/DirectXTK.lib D:\gitstuff\PlanetDefender\packages\fx11_desktop_2013.2015.11.30.1\build\native\../../build/native/lib/Win32/Debug/Effects11.lib d3d11.lib dxguid.lib uuid.lib kernel32.lib user32.lib gdi32.lib winspool.lib comdlg32.lib advapi32.lib shell32.lib ole32.lib oleaut32.lib uuid.lib odbc32.lib odbccp32.lib d3d11.lib d3dx11d.lib D3DCompiler.lib Effects11d.lib dxerr.lib dxgi.lib dxguid.lib kernel32.lib user32.lib gdi32.lib winspool.lib comdlg32.lib advapi32.lib shell32.lib ole32.lib oleaut32.lib uuid.lib odbc32.lib odbccp32.lib /MANIFEST /MANIFESTUAC:"level='asInvoker' uiAccess='false'" /manifest:embed /DEBUG /PDB:"D:\gitstuff\PlanetDefender\Debug\PlanetDefender.pdb" /SUBSYSTEM:WINDOWS /TLBID:1 /DYNAMICBASE /NXCOMPAT /IMPLIB:"D:\gitstuff\PlanetDefender\Debug\PlanetDefender.lib" /MACHINE:X86 Debug\AudioClass.obj
         Debug\Enemy.obj
         Debug\Font.obj
         Debug\Game.obj
         Debug\Main.obj
         Debug\MainMenu.obj
         Debug\pch.obj
         Debug\Planets.obj
         Debug\Ship.obj
         Debug\Models.obj
         Debug\Shooting.obj
         Debug\Skybox.obj
         PlanetDefender.vcxproj -> D:\gitstuff\PlanetDefender\Debug\PlanetDefender.exe
     1>Done Building Project "D:\gitstuff\PlanetDefender\PlanetDefender\PlanetDefender.vcxproj" (Build target(s)).

Build succeeded.

Time Elapsed 00:00:01.15
