d:\gitstuff\planetdefender\planetdefender\debug\vc120.pdb
d:\gitstuff\planetdefender\planetdefender\debug\planetdefender.pch
d:\gitstuff\planetdefender\planetdefender\debug\vc120.idb
d:\gitstuff\planetdefender\planetdefender\debug\pch.obj
d:\gitstuff\planetdefender\planetdefender\debug\game.obj
d:\gitstuff\planetdefender\planetdefender\debug\main.obj
d:\gitstuff\planetdefender\debug\planetdefender.ilk
d:\gitstuff\planetdefender\debug\planetdefender.exe
d:\gitstuff\planetdefender\debug\planetdefender.pdb
d:\gitstuff\planetdefender\planetdefender\debug\resource.res
d:\gitstuff\planetdefender\planetdefender\debug\planetdefender.exe.embed.manifest.res
d:\gitstuff\planetdefender\planetdefender\debug\planetdefender.exe.embed.manifest
d:\gitstuff\planetdefender\planetdefender\debug\planetdefender_manifest.rc
d:\gitstuff\planetdefender\planetdefender\debug\planetdefender.tlog\cl.command.1.tlog
d:\gitstuff\planetdefender\planetdefender\debug\planetdefender.tlog\cl.read.1.tlog
d:\gitstuff\planetdefender\planetdefender\debug\planetdefender.tlog\cl.write.1.tlog
d:\gitstuff\planetdefender\planetdefender\debug\planetdefender.tlog\link.command.1.tlog
d:\gitstuff\planetdefender\planetdefender\debug\planetdefender.tlog\link.read.1.tlog
d:\gitstuff\planetdefender\planetdefender\debug\planetdefender.tlog\link.write.1.tlog
d:\gitstuff\planetdefender\planetdefender\debug\planetdefender.tlog\rc.command.1.tlog
d:\gitstuff\planetdefender\planetdefender\debug\planetdefender.tlog\rc.read.1.tlog
d:\gitstuff\planetdefender\planetdefender\debug\planetdefender.tlog\rc.write.1.tlog
