Build started 13/03/2016 17:47:21.
     1>Project "D:\gitstuff\PlanetDefender\PlanetDefender\PlanetDefender.vcxproj" on node 2 (Build target(s)).
     1>ClCompile:
         D:\Program Files (x86)\Microsoft Visual Studio 12.0\VC\bin\x86_amd64\CL.exe /c /ID:\gitstuff\PlanetDefender\packages\directxtk_desktop_2013.2015.11.30.1\build\native\../../build/native/include/ /ID:\gitstuff\PlanetDefender\packages\fx11_desktop_2013.2015.11.30.1\build\native\../../build/native/include/ /Zi /nologo /W3 /WX- /Od /D HAS_DIRECTXTK /D HAS_FX11 /D WIN32 /D _DEBUG /D _WINDOWS /D _UNICODE /D UNICODE /Gm /EHsc /RTC1 /MDd /GS /fp:fast /Zc:wchar_t /Zc:forScope /Yc"pch.h" /Fp"x64\Debug\PlanetDefender.pch" /Fo"x64\Debug\\" /Fd"x64\Debug\vc120.pdb" /Gd /TP /errorReport:prompt pch.cpp
         pch.cpp
         D:\Program Files (x86)\Microsoft Visual Studio 12.0\VC\bin\x86_amd64\CL.exe /c /ID:\gitstuff\PlanetDefender\packages\directxtk_desktop_2013.2015.11.30.1\build\native\../../build/native/include/ /ID:\gitstuff\PlanetDefender\packages\fx11_desktop_2013.2015.11.30.1\build\native\../../build/native/include/ /Zi /nologo /W3 /WX- /Od /D HAS_DIRECTXTK /D HAS_FX11 /D WIN32 /D _DEBUG /D _WINDOWS /D _UNICODE /D UNICODE /Gm /EHsc /RTC1 /MDd /GS /fp:fast /Zc:wchar_t /Zc:forScope /Yu"pch.h" /Fp"x64\Debug\PlanetDefender.pch" /Fo"x64\Debug\\" /Fd"x64\Debug\vc120.pdb" /Gd /TP /errorReport:prompt Game.cpp Main.cpp
         Main.cpp
         Game.cpp
         Generating Code...
       ResourceCompile:
         C:\Program Files (x86)\Windows Kits\8.1\bin\x86\rc.exe /D _UNICODE /D UNICODE /l"0x0409" /ID:\gitstuff\PlanetDefender\packages\directxtk_desktop_2013.2015.11.30.1\build\native\../../build/native/include/ /ID:\gitstuff\PlanetDefender\packages\fx11_desktop_2013.2015.11.30.1\build\native\../../build/native/include/ /nologo /fo"x64\Debug\resource.res" resource.rc 
       ManifestResourceCompile:
         C:\Program Files (x86)\Windows Kits\8.1\bin\x86\rc.exe /nologo /fo"x64\Debug\PlanetDefender.exe.embed.manifest.res" x64\Debug\PlanetDefender_manifest.rc 
       Link:
         D:\Program Files (x86)\Microsoft Visual Studio 12.0\VC\bin\x86_amd64\link.exe /ERRORREPORT:PROMPT /OUT:"D:\gitstuff\PlanetDefender\x64\Debug\PlanetDefender.exe" /INCREMENTAL /NOLOGO D:\gitstuff\PlanetDefender\packages\directxtk_desktop_2013.2015.11.30.1\build\native\../../build/native/lib/x64/Debug/DirectXTKAudioDX.lib D:\gitstuff\PlanetDefender\packages\directxtk_desktop_2013.2015.11.30.1\build\native\../../build/native/lib/x64/Debug/DirectXTK.lib D:\gitstuff\PlanetDefender\packages\fx11_desktop_2013.2015.11.30.1\build\native\../../build/native/lib/x64/Debug/Effects11.lib d3d11.lib dxguid.lib uuid.lib kernel32.lib user32.lib gdi32.lib winspool.lib comdlg32.lib advapi32.lib shell32.lib ole32.lib oleaut32.lib uuid.lib odbc32.lib odbccp32.lib kernel32.lib user32.lib gdi32.lib winspool.lib comdlg32.lib advapi32.lib shell32.lib ole32.lib oleaut32.lib uuid.lib odbc32.lib odbccp32.lib /MANIFEST /MANIFESTUAC:"level='asInvoker' uiAccess='false'" /manifest:embed /manifestinput:settings.manifest /DEBUG /PDB:"D:\gitstuff\PlanetDefender\x64\Debug\PlanetDefender.pdb" /SUBSYSTEM:WINDOWS /TLBID:1 /DYNAMICBASE /NXCOMPAT /IMPLIB:"D:\gitstuff\PlanetDefender\x64\Debug\PlanetDefender.lib" /MACHINE:X64 x64\Debug\resource.res
         x64\Debug\Game.obj
         x64\Debug\Main.obj
         x64\Debug\pch.obj
         PlanetDefender.vcxproj -> D:\gitstuff\PlanetDefender\x64\Debug\PlanetDefender.exe
     1>Done Building Project "D:\gitstuff\PlanetDefender\PlanetDefender\PlanetDefender.vcxproj" (Build target(s)).

Build succeeded.

Time Elapsed 00:00:05.45
