Build started 12/03/2016 16:42:58.
     1>Project "D:\gitstuff\PlanetDefender\PlanetDefender\PlanetDefender.vcxproj" on node 2 (Build target(s)).
     1>ClCompile:
         D:\Program Files (x86)\Microsoft Visual Studio 12.0\VC\bin\CL.exe /c /ID:\gitstuff\PlanetDefender\packages\directxtk_desktop_2013.2015.11.30.1\build\native\../../build/native/include/ /ID:\gitstuff\PlanetDefender\packages\fx11_desktop_2013.2015.11.30.1\build\native\../../build/native/include/ /Zi /nologo /W3 /WX- /O2 /Oi /Oy- /GL /D HAS_DIRECTXTK /D HAS_FX11 /D WIN32 /D NDEBUG /D _WINDOWS /D _UNICODE /D UNICODE /Gm- /EHsc /MD /GS /Gy /arch:SSE2 /fp:fast /Zc:wchar_t /Zc:forScope /GR /Yc"pch.h" /Fp"Release\PlanetDefender.pch" /Fo"Release\\" /Fd"Release\vc120.pdb" /Gd /TP /analyze- /errorReport:prompt pch.cpp
         pch.cpp
         D:\Program Files (x86)\Microsoft Visual Studio 12.0\VC\bin\CL.exe /c /ID:\gitstuff\PlanetDefender\packages\directxtk_desktop_2013.2015.11.30.1\build\native\../../build/native/include/ /ID:\gitstuff\PlanetDefender\packages\fx11_desktop_2013.2015.11.30.1\build\native\../../build/native/include/ /Zi /nologo /W3 /WX- /O2 /Oi /Oy- /GL /D HAS_DIRECTXTK /D HAS_FX11 /D WIN32 /D NDEBUG /D _WINDOWS /D _UNICODE /D UNICODE /Gm- /EHsc /MD /GS /Gy /arch:SSE2 /fp:fast /Zc:wchar_t /Zc:forScope /GR /Yu"pch.h" /Fp"Release\PlanetDefender.pch" /Fo"Release\\" /Fd"Release\vc120.pdb" /Gd /TP /analyze- /errorReport:prompt Game.cpp Main.cpp
         Game.cpp
         Main.cpp
       ResourceCompile:
         C:\Program Files (x86)\Windows Kits\8.1\bin\x86\rc.exe /D _UNICODE /D UNICODE /l"0x0409" /ID:\gitstuff\PlanetDefender\packages\directxtk_desktop_2013.2015.11.30.1\build\native\../../build/native/include/ /ID:\gitstuff\PlanetDefender\packages\fx11_desktop_2013.2015.11.30.1\build\native\../../build/native/include/ /nologo /fo"Release\resource.res" resource.rc 
       Link:
         D:\Program Files (x86)\Microsoft Visual Studio 12.0\VC\bin\link.exe /ERRORREPORT:PROMPT /OUT:"D:\gitstuff\PlanetDefender\Release\PlanetDefender.exe" /INCREMENTAL:NO /NOLOGO D:\gitstuff\PlanetDefender\packages\directxtk_desktop_2013.2015.11.30.1\build\native\../../build/native/lib/Win32/Release/DirectXTKAudioDX.lib D:\gitstuff\PlanetDefender\packages\directxtk_desktop_2013.2015.11.30.1\build\native\../../build/native/lib/Win32/Release/DirectXTK.lib D:\gitstuff\PlanetDefender\packages\fx11_desktop_2013.2015.11.30.1\build\native\../../build/native/lib/Win32/Release/Effects11.lib d3d11.lib dxguid.lib uuid.lib kernel32.lib user32.lib gdi32.lib winspool.lib comdlg32.lib advapi32.lib shell32.lib ole32.lib oleaut32.lib uuid.lib odbc32.lib odbccp32.lib d3d11.lib d3dx11d.lib D3DCompiler.lib Effects11d.lib dxerr.lib dxgi.lib dxguid.lib kernel32.lib user32.lib gdi32.lib winspool.lib comdlg32.lib advapi32.lib shell32.lib ole32.lib oleaut32.lib uuid.lib odbc32.lib odbccp32.lib /MANIFEST /MANIFESTUAC:"level='asInvoker' uiAccess='false'" /manifest:embed /manifestinput:settings.manifest /DEBUG /PDB:"D:\gitstuff\PlanetDefender\Release\PlanetDefender.pdb" /SUBSYSTEM:WINDOWS /OPT:REF /OPT:ICF /LTCG /TLBID:1 /DYNAMICBASE /NXCOMPAT /IMPLIB:"D:\gitstuff\PlanetDefender\Release\PlanetDefender.lib" /MACHINE:X86 /SAFESEH Release\resource.res
         Release\Game.obj
         Release\Main.obj
         Release\pch.obj
         Generating code
         Finished generating code
         PlanetDefender.vcxproj -> D:\gitstuff\PlanetDefender\Release\PlanetDefender.exe
     1>Done Building Project "D:\gitstuff\PlanetDefender\PlanetDefender\PlanetDefender.vcxproj" (Build target(s)).

Build succeeded.

Time Elapsed 00:00:03.89
